<?xml version="1.0" encoding="UTF-8"?>
<testsuite name="com.devoted.health.ApplicationTests" tests="1" skipped="0" failures="0" errors="0" timestamp="2019-02-04T06:43:55" hostname="concrain.lan" time="0.004">
  <properties/>
  <testcase name="contextLoads" classname="com.devoted.health.ApplicationTests" time="0.004"/>
  <system-out><![CDATA[]]></system-out>
  <system-err><![CDATA[]]></system-err>
</testsuite>
